<?xml version="1.0" encoding="UTF-8"?>
<!-- Generated by org.testng.reporters.JUnitXMLReporter -->
<testsuite hostname="192-168-1-5.tpgi.com.au" ignored="0" name="RegressionTest" tests="17" failures="0" timestamp="18 Aug 2019 23:13:44 GMT" time="22.432" errors="0">
  <testcase name="@AfterMethod tearDownMethod" time="0.132" classname="com.testingfoo.tests.standardQueue.CreateBlankNameQueueTest">
    <failure type="com.amazonaws.services.sqs.model.AmazonSQSException" message="InvalidAction; see the SQS docs. (Service: AmazonSQS; Status Code: 400; Error Code: InvalidAction; Request ID: 00000000-0000-0000-0000-000000000000)">
      <![CDATA[com.amazonaws.services.sqs.model.AmazonSQSException: InvalidAction; see the SQS docs. (Service: AmazonSQS; Status Code: 400; Error Code: InvalidAction; Request ID: 00000000-0000-0000-0000-000000000000)
at com.amazonaws.http.AmazonHttpClient$RequestExecutor.handleErrorResponse(AmazonHttpClient.java:1712)
at com.amazonaws.http.AmazonHttpClient$RequestExecutor.executeOneRequest(AmazonHttpClient.java:1367)
at com.amazonaws.http.AmazonHttpClient$RequestExecutor.executeHelper(AmazonHttpClient.java:1113)
at com.amazonaws.http.AmazonHttpClient$RequestExecutor.doExecute(AmazonHttpClient.java:770)
at com.amazonaws.http.AmazonHttpClient$RequestExecutor.executeWithTimer(AmazonHttpClient.java:744)
at com.amazonaws.http.AmazonHttpClient$RequestExecutor.execute(AmazonHttpClient.java:726)
at com.amazonaws.http.AmazonHttpClient$RequestExecutor.access$500(AmazonHttpClient.java:686)
at com.amazonaws.http.AmazonHttpClient$RequestExecutionBuilderImpl.execute(AmazonHttpClient.java:668)
at com.amazonaws.http.AmazonHttpClient.execute(AmazonHttpClient.java:532)
at com.amazonaws.http.AmazonHttpClient.execute(AmazonHttpClient.java:512)
at com.amazonaws.services.sqs.AmazonSQSClient.doInvoke(AmazonSQSClient.java:2214)
at com.amazonaws.services.sqs.AmazonSQSClient.invoke(AmazonSQSClient.java:2181)
at com.amazonaws.services.sqs.AmazonSQSClient.invoke(AmazonSQSClient.java:2170)
at com.amazonaws.services.sqs.AmazonSQSClient.executeDeleteQueue(AmazonSQSClient.java:1057)
at com.amazonaws.services.sqs.AmazonSQSClient.deleteQueue(AmazonSQSClient.java:1029)
at com.testingfoo.elasticmq.SQSQueue.deleteQueue(SQSQueue.java:239)
at com.testingfoo.tests.standardQueue.CreateBlankNameQueueTest.tearDownMethod(CreateBlankNameQueueTest.java:35)
... Removed 28 stack frames]]>
    </failure>
  </testcase> <!-- @AfterMethod tearDownMethod -->
  <testcase name="testCreateQueueWithBlankQueueName" time="1.146" classname="com.testingfoo.tests.standardQueue.CreateBlankNameQueueTest"/>
  <testcase name="testCreateQueue" time="0.038" classname="com.testingfoo.tests.standardQueue.CreateQueueTest"/>
  <testcase name="testCreateQueuewithVisibilityTimeOut" time="6.162" classname="com.testingfoo.tests.standardQueue.CreateQueueWithSpecifiedVisibilityTimeout"/>
  <testcase name="testCreateQueueWithInvalidQueueNames" time="0.102" classname="com.testingfoo.tests.standardQueue.CreateQueueWithInvalidQueueNames"/>
  <testcase name="testCreateQueueWithInvalidQueueNames" time="0.03" classname="com.testingfoo.tests.standardQueue.CreateQueueWithInvalidQueueNames"/>
  <testcase name="testSendSimpleMessage" time="0.04" classname="com.testingfoo.tests.standardQueue.SendAndRecieveBasicMessage"/>
  <testcase name="testSendBatchMessagesToTheQueue" time="0.038" classname="com.testingfoo.tests.standardQueue.SendAndRecieveBatchMessages"/>
  <testcase name="testSendDifferentMessagesToTheQueue" time="0.035" classname="com.testingfoo.tests.standardQueue.SendAndRecieveDifferentMessages"/>
  <testcase name="testSendDifferentMessagesToTheQueue" time="0.036" classname="com.testingfoo.tests.standardQueue.SendAndRecieveDifferentMessages"/>
  <testcase name="testSendDifferentMessagesToTheQueue" time="0.023" classname="com.testingfoo.tests.standardQueue.SendAndRecieveDifferentMessages"/>
  <testcase name="testSendDifferentMessagesToTheQueue" time="0.022" classname="com.testingfoo.tests.standardQueue.SendAndRecieveDifferentMessages"/>
  <testcase name="testSendDifferentMessagesToTheQueue" time="0.022" classname="com.testingfoo.tests.standardQueue.SendAndRecieveDifferentMessages"/>
  <testcase name="testSendDifferentMessagesToTheQueue" time="0.021" classname="com.testingfoo.tests.standardQueue.SendAndRecieveDifferentMessages"/>
  <testcase name="testSendInvalidMessageToTheQueue" time="0.328" classname="com.testingfoo.tests.standardQueue.SendInvalidLargeMessage"/>
  <testcase name="testSendJSONMessagesToTheQueue" time="0.033" classname="com.testingfoo.tests.standardQueue.SendAndRecieveJsonMessages"/>
  <testcase name="testSendMessageWithDelay" time="10.029" classname="com.testingfoo.tests.standardQueue.SendAndRecieveMessageWithDelay"/>
  <testcase name="testSendInvalidNullMessageToTheQueue" time="0.589" classname="com.testingfoo.tests.standardQueue.SendInvalidNullMessage"/>
</testsuite> <!-- RegressionTest -->
