<?xml version="1.0" encoding="UTF-8"?>
<testng-results skipped="0" failed="0" ignored="0" total="17" passed="17">
  <reporter-output>
  </reporter-output>
  <suite name="AWS SQS Test Suite" duration-ms="22490" started-at="2019-08-18T23:19:34Z" finished-at="2019-08-18T23:19:57Z">
    <groups>
    </groups>
    <test name="RegressionTest" duration-ms="22490" started-at="2019-08-18T23:19:34Z" finished-at="2019-08-18T23:19:57Z">
      <class name="com.testingfoo.tests.standardQueue.SendAndRecieveDifferentMessages">
        <test-method status="PASS" signature="setupElasticMQ()[pri:0, instance:com.testingfoo.tests.standardQueue.SendAndRecieveDifferentMessages@25bc0606]" name="setupElasticMQ" is-config="true" duration-ms="5" started-at="2019-08-18T23:19:45Z" finished-at="2019-08-18T23:19:45Z">
          <reporter-output>
          </reporter-output>
        </test-method> <!-- setupElasticMQ -->
        <test-method status="PASS" signature="setupMethod()[pri:0, instance:com.testingfoo.tests.standardQueue.SendAndRecieveDifferentMessages@25bc0606]" name="setupMethod" is-config="true" duration-ms="47" started-at="2019-08-18T23:19:45Z" finished-at="2019-08-18T23:19:45Z">
          <reporter-output>
          </reporter-output>
        </test-method> <!-- setupMethod -->
        <test-method status="PASS" signature="testSendDifferentMessagesToTheQueue(java.lang.String)[pri:0, instance:com.testingfoo.tests.standardQueue.SendAndRecieveDifferentMessages@25bc0606]" name="testSendDifferentMessagesToTheQueue" duration-ms="33" started-at="2019-08-18T23:19:45Z" data-provider="getData" finished-at="2019-08-18T23:19:45Z">
          <params>
            <param index="0">
              <value>
                <![CDATA[!@#$%^&*(!@@##(!(@*@*!*!]]>
              </value>
            </param>
          </params>
          <reporter-output>
          </reporter-output>
        </test-method> <!-- testSendDifferentMessagesToTheQueue -->
        <test-method status="PASS" signature="tearDownMethod()[pri:0, instance:com.testingfoo.tests.standardQueue.SendAndRecieveDifferentMessages@25bc0606]" name="tearDownMethod" is-config="true" duration-ms="27" started-at="2019-08-18T23:19:45Z" finished-at="2019-08-18T23:19:45Z">
          <reporter-output>
          </reporter-output>
        </test-method> <!-- tearDownMethod -->
        <test-method status="PASS" signature="setupMethod()[pri:0, instance:com.testingfoo.tests.standardQueue.SendAndRecieveDifferentMessages@25bc0606]" name="setupMethod" is-config="true" duration-ms="50" started-at="2019-08-18T23:19:45Z" finished-at="2019-08-18T23:19:45Z">
          <reporter-output>
          </reporter-output>
        </test-method> <!-- setupMethod -->
        <test-method status="PASS" signature="testSendDifferentMessagesToTheQueue(java.lang.String)[pri:0, instance:com.testingfoo.tests.standardQueue.SendAndRecieveDifferentMessages@25bc0606]" name="testSendDifferentMessagesToTheQueue" duration-ms="30" started-at="2019-08-18T23:19:45Z" data-provider="getData" finished-at="2019-08-18T23:19:45Z">
          <params>
            <param index="0">
              <value>
                <![CDATA[1234567890122344444121212]]>
              </value>
            </param>
          </params>
          <reporter-output>
          </reporter-output>
        </test-method> <!-- testSendDifferentMessagesToTheQueue -->
        <test-method status="PASS" signature="tearDownMethod()[pri:0, instance:com.testingfoo.tests.standardQueue.SendAndRecieveDifferentMessages@25bc0606]" name="tearDownMethod" is-config="true" duration-ms="17" started-at="2019-08-18T23:19:45Z" finished-at="2019-08-18T23:19:45Z">
          <reporter-output>
          </reporter-output>
        </test-method> <!-- tearDownMethod -->
        <test-method status="PASS" signature="setupMethod()[pri:0, instance:com.testingfoo.tests.standardQueue.SendAndRecieveDifferentMessages@25bc0606]" name="setupMethod" is-config="true" duration-ms="28" started-at="2019-08-18T23:19:45Z" finished-at="2019-08-18T23:19:45Z">
          <reporter-output>
          </reporter-output>
        </test-method> <!-- setupMethod -->
        <test-method status="PASS" signature="testSendDifferentMessagesToTheQueue(java.lang.String)[pri:0, instance:com.testingfoo.tests.standardQueue.SendAndRecieveDifferentMessages@25bc0606]" name="testSendDifferentMessagesToTheQueue" duration-ms="22" started-at="2019-08-18T23:19:45Z" data-provider="getData" finished-at="2019-08-18T23:19:45Z">
          <params>
            <param index="0">
              <value>
                <![CDATA[ababbabdbadbjadbajsdbjasdbasdbjasdjasbdasdbjabdjabdjasbdjabdjasdbjasbdjasbdjasbdjasdbjabsdjasdbasdbj]]>
              </value>
            </param>
          </params>
          <reporter-output>
          </reporter-output>
        </test-method> <!-- testSendDifferentMessagesToTheQueue -->
        <test-method status="PASS" signature="tearDownMethod()[pri:0, instance:com.testingfoo.tests.standardQueue.SendAndRecieveDifferentMessages@25bc0606]" name="tearDownMethod" is-config="true" duration-ms="20" started-at="2019-08-18T23:19:45Z" finished-at="2019-08-18T23:19:45Z">
          <reporter-output>
          </reporter-output>
        </test-method> <!-- tearDownMethod -->
        <test-method status="PASS" signature="setupMethod()[pri:0, instance:com.testingfoo.tests.standardQueue.SendAndRecieveDifferentMessages@25bc0606]" name="setupMethod" is-config="true" duration-ms="26" started-at="2019-08-18T23:19:45Z" finished-at="2019-08-18T23:19:45Z">
          <reporter-output>
          </reporter-output>
        </test-method> <!-- setupMethod -->
        <test-method status="PASS" signature="testSendDifferentMessagesToTheQueue(java.lang.String)[pri:0, instance:com.testingfoo.tests.standardQueue.SendAndRecieveDifferentMessages@25bc0606]" name="testSendDifferentMessagesToTheQueue" duration-ms="40" started-at="2019-08-18T23:19:45Z" data-provider="getData" finished-at="2019-08-18T23:19:45Z">
          <params>
            <param index="0">
              <value>
                <![CDATA[a]]>
              </value>
            </param>
          </params>
          <reporter-output>
          </reporter-output>
        </test-method> <!-- testSendDifferentMessagesToTheQueue -->
        <test-method status="PASS" signature="tearDownMethod()[pri:0, instance:com.testingfoo.tests.standardQueue.SendAndRecieveDifferentMessages@25bc0606]" name="tearDownMethod" is-config="true" duration-ms="16" started-at="2019-08-18T23:19:45Z" finished-at="2019-08-18T23:19:45Z">
          <reporter-output>
          </reporter-output>
        </test-method> <!-- tearDownMethod -->
        <test-method status="PASS" signature="setupMethod()[pri:0, instance:com.testingfoo.tests.standardQueue.SendAndRecieveDifferentMessages@25bc0606]" name="setupMethod" is-config="true" duration-ms="92" started-at="2019-08-18T23:19:45Z" finished-at="2019-08-18T23:19:45Z">
          <reporter-output>
          </reporter-output>
        </test-method> <!-- setupMethod -->
        <test-method status="PASS" signature="testSendDifferentMessagesToTheQueue(java.lang.String)[pri:0, instance:com.testingfoo.tests.standardQueue.SendAndRecieveDifferentMessages@25bc0606]" name="testSendDifferentMessagesToTheQueue" duration-ms="31" started-at="2019-08-18T23:19:45Z" data-provider="getData" finished-at="2019-08-18T23:19:45Z">
          <params>
            <param index="0">
              <value>
                <![CDATA[HelloWorld]]>
              </value>
            </param>
          </params>
          <reporter-output>
          </reporter-output>
        </test-method> <!-- testSendDifferentMessagesToTheQueue -->
        <test-method status="PASS" signature="tearDownMethod()[pri:0, instance:com.testingfoo.tests.standardQueue.SendAndRecieveDifferentMessages@25bc0606]" name="tearDownMethod" is-config="true" duration-ms="18" started-at="2019-08-18T23:19:45Z" finished-at="2019-08-18T23:19:45Z">
          <reporter-output>
          </reporter-output>
        </test-method> <!-- tearDownMethod -->
        <test-method status="PASS" signature="setupMethod()[pri:0, instance:com.testingfoo.tests.standardQueue.SendAndRecieveDifferentMessages@25bc0606]" name="setupMethod" is-config="true" duration-ms="31" started-at="2019-08-18T23:19:45Z" finished-at="2019-08-18T23:19:45Z">
          <reporter-output>
          </reporter-output>
        </test-method> <!-- setupMethod -->
        <test-method status="PASS" signature="testSendDifferentMessagesToTheQueue(java.lang.String)[pri:0, instance:com.testingfoo.tests.standardQueue.SendAndRecieveDifferentMessages@25bc0606]" name="testSendDifferentMessagesToTheQueue" duration-ms="32" started-at="2019-08-18T23:19:45Z" data-provider="getData" finished-at="2019-08-18T23:19:46Z">
          <params>
            <param index="0">
              <value>
                <![CDATA[U+0904]]>
              </value>
            </param>
          </params>
          <reporter-output>
          </reporter-output>
        </test-method> <!-- testSendDifferentMessagesToTheQueue -->
        <test-method status="PASS" signature="tearDownMethod()[pri:0, instance:com.testingfoo.tests.standardQueue.SendAndRecieveDifferentMessages@25bc0606]" name="tearDownMethod" is-config="true" duration-ms="19" started-at="2019-08-18T23:19:46Z" finished-at="2019-08-18T23:19:46Z">
          <reporter-output>
          </reporter-output>
        </test-method> <!-- tearDownMethod -->
      </class> <!-- com.testingfoo.tests.standardQueue.SendAndRecieveDifferentMessages -->
      <class name="com.testingfoo.tests.standardQueue.SendInvalidLargeMessage">
        <test-method status="PASS" signature="setupElasticMQ()[pri:0, instance:com.testingfoo.tests.standardQueue.SendInvalidLargeMessage@5d1659ea]" name="setupElasticMQ" is-config="true" duration-ms="4" started-at="2019-08-18T23:19:46Z" finished-at="2019-08-18T23:19:46Z">
          <reporter-output>
          </reporter-output>
        </test-method> <!-- setupElasticMQ -->
        <test-method status="PASS" signature="setupMethod()[pri:0, instance:com.testingfoo.tests.standardQueue.SendInvalidLargeMessage@5d1659ea]" name="setupMethod" is-config="true" duration-ms="43" started-at="2019-08-18T23:19:46Z" finished-at="2019-08-18T23:19:46Z">
          <reporter-output>
          </reporter-output>
        </test-method> <!-- setupMethod -->
        <test-method status="PASS" signature="testSendInvalidMessageToTheQueue()[pri:0, instance:com.testingfoo.tests.standardQueue.SendInvalidLargeMessage@5d1659ea]" name="testSendInvalidMessageToTheQueue" duration-ms="261" started-at="2019-08-18T23:19:46Z" finished-at="2019-08-18T23:19:46Z">
          <reporter-output>
          </reporter-output>
        </test-method> <!-- testSendInvalidMessageToTheQueue -->
        <test-method status="PASS" signature="tearDownMethod()[pri:0, instance:com.testingfoo.tests.standardQueue.SendInvalidLargeMessage@5d1659ea]" name="tearDownMethod" is-config="true" duration-ms="30" started-at="2019-08-18T23:19:46Z" finished-at="2019-08-18T23:19:46Z">
          <reporter-output>
          </reporter-output>
        </test-method> <!-- tearDownMethod -->
      </class> <!-- com.testingfoo.tests.standardQueue.SendInvalidLargeMessage -->
      <class name="com.testingfoo.tests.standardQueue.SendAndRecieveBasicMessage">
        <test-method status="PASS" signature="setupElasticMQ()[pri:0, instance:com.testingfoo.tests.standardQueue.SendAndRecieveBasicMessage@784b990c]" name="setupElasticMQ" is-config="true" duration-ms="5" started-at="2019-08-18T23:19:45Z" finished-at="2019-08-18T23:19:45Z">
          <reporter-output>
          </reporter-output>
        </test-method> <!-- setupElasticMQ -->
        <test-method status="PASS" signature="setupMethod()[pri:0, instance:com.testingfoo.tests.standardQueue.SendAndRecieveBasicMessage@784b990c]" name="setupMethod" is-config="true" duration-ms="55" started-at="2019-08-18T23:19:45Z" finished-at="2019-08-18T23:19:45Z">
          <reporter-output>
          </reporter-output>
        </test-method> <!-- setupMethod -->
        <test-method status="PASS" signature="testSendSimpleMessage()[pri:0, instance:com.testingfoo.tests.standardQueue.SendAndRecieveBasicMessage@784b990c]" name="testSendSimpleMessage" duration-ms="35" started-at="2019-08-18T23:19:45Z" finished-at="2019-08-18T23:19:45Z">
          <reporter-output>
          </reporter-output>
        </test-method> <!-- testSendSimpleMessage -->
        <test-method status="PASS" signature="tearDownMethod()[pri:0, instance:com.testingfoo.tests.standardQueue.SendAndRecieveBasicMessage@784b990c]" name="tearDownMethod" is-config="true" duration-ms="50" started-at="2019-08-18T23:19:45Z" finished-at="2019-08-18T23:19:45Z">
          <reporter-output>
          </reporter-output>
        </test-method> <!-- tearDownMethod -->
      </class> <!-- com.testingfoo.tests.standardQueue.SendAndRecieveBasicMessage -->
      <class name="com.testingfoo.tests.standardQueue.SendInvalidNullMessage">
        <test-method status="PASS" signature="setupElasticMQ()[pri:0, instance:com.testingfoo.tests.standardQueue.SendInvalidNullMessage@5c18016b]" name="setupElasticMQ" is-config="true" duration-ms="3" started-at="2019-08-18T23:19:56Z" finished-at="2019-08-18T23:19:56Z">
          <reporter-output>
          </reporter-output>
        </test-method> <!-- setupElasticMQ -->
        <test-method status="PASS" signature="setupMethod()[pri:0, instance:com.testingfoo.tests.standardQueue.SendInvalidNullMessage@5c18016b]" name="setupMethod" is-config="true" duration-ms="38" started-at="2019-08-18T23:19:56Z" finished-at="2019-08-18T23:19:56Z">
          <reporter-output>
          </reporter-output>
        </test-method> <!-- setupMethod -->
        <test-method status="PASS" signature="testSendInvalidNullMessageToTheQueue()[pri:0, instance:com.testingfoo.tests.standardQueue.SendInvalidNullMessage@5c18016b]" name="testSendInvalidNullMessageToTheQueue" duration-ms="603" started-at="2019-08-18T23:19:56Z" finished-at="2019-08-18T23:19:57Z">
          <reporter-output>
          </reporter-output>
        </test-method> <!-- testSendInvalidNullMessageToTheQueue -->
        <test-method status="PASS" signature="tearDownMethod()[pri:0, instance:com.testingfoo.tests.standardQueue.SendInvalidNullMessage@5c18016b]" name="tearDownMethod" is-config="true" duration-ms="16" started-at="2019-08-18T23:19:57Z" finished-at="2019-08-18T23:19:57Z">
          <reporter-output>
          </reporter-output>
        </test-method> <!-- tearDownMethod -->
      </class> <!-- com.testingfoo.tests.standardQueue.SendInvalidNullMessage -->
      <class name="com.testingfoo.tests.standardQueue.SendAndRecieveMessageWithDelay">
        <test-method status="PASS" signature="setupElasticMQ()[pri:0, instance:com.testingfoo.tests.standardQueue.SendAndRecieveMessageWithDelay@1951b871]" name="setupElasticMQ" is-config="true" duration-ms="5" started-at="2019-08-18T23:19:46Z" finished-at="2019-08-18T23:19:46Z">
          <reporter-output>
          </reporter-output>
        </test-method> <!-- setupElasticMQ -->
        <test-method status="PASS" signature="setupMethod()[pri:0, instance:com.testingfoo.tests.standardQueue.SendAndRecieveMessageWithDelay@1951b871]" name="setupMethod" is-config="true" duration-ms="43" started-at="2019-08-18T23:19:46Z" finished-at="2019-08-18T23:19:46Z">
          <reporter-output>
          </reporter-output>
        </test-method> <!-- setupMethod -->
        <test-method status="PASS" signature="testSendMessageWithDelay()[pri:0, instance:com.testingfoo.tests.standardQueue.SendAndRecieveMessageWithDelay@1951b871]" name="testSendMessageWithDelay" duration-ms="10034" started-at="2019-08-18T23:19:46Z" finished-at="2019-08-18T23:19:56Z">
          <reporter-output>
          </reporter-output>
        </test-method> <!-- testSendMessageWithDelay -->
        <test-method status="PASS" signature="tearDownMethod()[pri:0, instance:com.testingfoo.tests.standardQueue.SendAndRecieveMessageWithDelay@1951b871]" name="tearDownMethod" is-config="true" duration-ms="19" started-at="2019-08-18T23:19:56Z" finished-at="2019-08-18T23:19:56Z">
          <reporter-output>
          </reporter-output>
        </test-method> <!-- tearDownMethod -->
      </class> <!-- com.testingfoo.tests.standardQueue.SendAndRecieveMessageWithDelay -->
      <class name="com.testingfoo.tests.standardQueue.CreateBlankNameQueueTest">
        <test-method status="PASS" signature="setupElasticMQ()[pri:0, instance:com.testingfoo.tests.standardQueue.CreateBlankNameQueueTest@4bd1f8dd]" name="setupElasticMQ" is-config="true" duration-ms="2107" started-at="2019-08-18T23:19:34Z" finished-at="2019-08-18T23:19:36Z">
          <reporter-output>
          </reporter-output>
        </test-method> <!-- setupElasticMQ -->
        <test-method status="PASS" signature="testCreateQueueWithBlankQueueName()[pri:0, instance:com.testingfoo.tests.standardQueue.CreateBlankNameQueueTest@4bd1f8dd]" name="testCreateQueueWithBlankQueueName" duration-ms="962" started-at="2019-08-18T23:19:36Z" finished-at="2019-08-18T23:19:37Z">
          <reporter-output>
          </reporter-output>
        </test-method> <!-- testCreateQueueWithBlankQueueName -->
        <test-method status="FAIL" signature="tearDownMethod()[pri:0, instance:com.testingfoo.tests.standardQueue.CreateBlankNameQueueTest@4bd1f8dd]" name="tearDownMethod" is-config="true" duration-ms="125" started-at="2019-08-18T23:19:38Z" finished-at="2019-08-18T23:19:38Z">
          <exception class="com.amazonaws.services.sqs.model.AmazonSQSException">
            <message>
              <![CDATA[InvalidAction; see the SQS docs. (Service: AmazonSQS; Status Code: 400; Error Code: InvalidAction; Request ID: 00000000-0000-0000-0000-000000000000)]]>
            </message>
            <full-stacktrace>
              <![CDATA[com.amazonaws.services.sqs.model.AmazonSQSException: InvalidAction; see the SQS docs. (Service: AmazonSQS; Status Code: 400; Error Code: InvalidAction; Request ID: 00000000-0000-0000-0000-000000000000)
at com.amazonaws.http.AmazonHttpClient$RequestExecutor.handleErrorResponse(AmazonHttpClient.java:1712)
at com.amazonaws.http.AmazonHttpClient$RequestExecutor.executeOneRequest(AmazonHttpClient.java:1367)
at com.amazonaws.http.AmazonHttpClient$RequestExecutor.executeHelper(AmazonHttpClient.java:1113)
at com.amazonaws.http.AmazonHttpClient$RequestExecutor.doExecute(AmazonHttpClient.java:770)
at com.amazonaws.http.AmazonHttpClient$RequestExecutor.executeWithTimer(AmazonHttpClient.java:744)
at com.amazonaws.http.AmazonHttpClient$RequestExecutor.execute(AmazonHttpClient.java:726)
at com.amazonaws.http.AmazonHttpClient$RequestExecutor.access$500(AmazonHttpClient.java:686)
at com.amazonaws.http.AmazonHttpClient$RequestExecutionBuilderImpl.execute(AmazonHttpClient.java:668)
at com.amazonaws.http.AmazonHttpClient.execute(AmazonHttpClient.java:532)
at com.amazonaws.http.AmazonHttpClient.execute(AmazonHttpClient.java:512)
at com.amazonaws.services.sqs.AmazonSQSClient.doInvoke(AmazonSQSClient.java:2214)
at com.amazonaws.services.sqs.AmazonSQSClient.invoke(AmazonSQSClient.java:2181)
at com.amazonaws.services.sqs.AmazonSQSClient.invoke(AmazonSQSClient.java:2170)
at com.amazonaws.services.sqs.AmazonSQSClient.executeDeleteQueue(AmazonSQSClient.java:1057)
at com.amazonaws.services.sqs.AmazonSQSClient.deleteQueue(AmazonSQSClient.java:1029)
at com.testingfoo.elasticmq.SQSQueue.deleteQueue(SQSQueue.java:239)
at com.testingfoo.tests.standardQueue.CreateBlankNameQueueTest.tearDownMethod(CreateBlankNameQueueTest.java:35)
at sun.reflect.NativeMethodAccessorImpl.invoke0(Native Method)
at sun.reflect.NativeMethodAccessorImpl.invoke(NativeMethodAccessorImpl.java:62)
at sun.reflect.DelegatingMethodAccessorImpl.invoke(DelegatingMethodAccessorImpl.java:43)
at java.lang.reflect.Method.invoke(Method.java:498)
at org.testng.internal.MethodInvocationHelper.invokeMethod(MethodInvocationHelper.java:124)
at org.testng.internal.MethodInvocationHelper.invokeMethodConsideringTimeout(MethodInvocationHelper.java:59)
at org.testng.internal.Invoker.invokeConfigurationMethod(Invoker.java:458)
at org.testng.internal.Invoker.invokeConfigurations(Invoker.java:222)
at org.testng.internal.Invoker.invokeMethod(Invoker.java:646)
at org.testng.internal.Invoker.invokeTestMethod(Invoker.java:719)
at org.testng.internal.Invoker.invokeTestMethods(Invoker.java:989)
at org.testng.internal.TestMethodWorker.invokeTestMethods(TestMethodWorker.java:125)
at org.testng.internal.TestMethodWorker.run(TestMethodWorker.java:109)
at org.testng.TestRunner.privateRun(TestRunner.java:648)
at org.testng.TestRunner.run(TestRunner.java:505)
at org.testng.SuiteRunner.runTest(SuiteRunner.java:455)
at org.testng.SuiteRunner.runSequentially(SuiteRunner.java:450)
at org.testng.SuiteRunner.privateRun(SuiteRunner.java:415)
at org.testng.SuiteRunner.run(SuiteRunner.java:364)
at org.testng.SuiteRunnerWorker.runSuite(SuiteRunnerWorker.java:52)
at org.testng.SuiteRunnerWorker.run(SuiteRunnerWorker.java:84)
at org.testng.TestNG.runSuitesSequentially(TestNG.java:1208)
at org.testng.TestNG.runSuitesLocally(TestNG.java:1137)
at org.testng.TestNG.runSuites(TestNG.java:1049)
at org.testng.TestNG.run(TestNG.java:1017)
at org.apache.maven.surefire.testng.TestNGExecutor.run(TestNGExecutor.java:283)
at org.apache.maven.surefire.testng.TestNGXmlTestSuite.execute(TestNGXmlTestSuite.java:75)
at org.apache.maven.surefire.testng.TestNGProvider.invoke(TestNGProvider.java:120)
at org.apache.maven.surefire.booter.ForkedBooter.invokeProviderInSameClassLoader(ForkedBooter.java:384)
at org.apache.maven.surefire.booter.ForkedBooter.runSuitesInProcess(ForkedBooter.java:345)
at org.apache.maven.surefire.booter.ForkedBooter.execute(ForkedBooter.java:126)
at org.apache.maven.surefire.booter.ForkedBooter.main(ForkedBooter.java:418)
]]>
            </full-stacktrace>
          </exception> <!-- com.amazonaws.services.sqs.model.AmazonSQSException -->
          <reporter-output>
          </reporter-output>
        </test-method> <!-- tearDownMethod -->
      </class> <!-- com.testingfoo.tests.standardQueue.CreateBlankNameQueueTest -->
      <class name="com.testingfoo.tests.standardQueue.SendAndRecieveBatchMessages">
        <test-method status="PASS" signature="setupElasticMQ()[pri:0, instance:com.testingfoo.tests.standardQueue.SendAndRecieveBatchMessages@3d3ba765]" name="setupElasticMQ" is-config="true" duration-ms="5" started-at="2019-08-18T23:19:45Z" finished-at="2019-08-18T23:19:45Z">
          <reporter-output>
          </reporter-output>
        </test-method> <!-- setupElasticMQ -->
        <test-method status="PASS" signature="setupMethod()[pri:0, instance:com.testingfoo.tests.standardQueue.SendAndRecieveBatchMessages@3d3ba765]" name="setupMethod" is-config="true" duration-ms="67" started-at="2019-08-18T23:19:45Z" finished-at="2019-08-18T23:19:45Z">
          <reporter-output>
          </reporter-output>
        </test-method> <!-- setupMethod -->
        <test-method status="PASS" signature="testSendBatchMessagesToTheQueue()[pri:0, instance:com.testingfoo.tests.standardQueue.SendAndRecieveBatchMessages@3d3ba765]" name="testSendBatchMessagesToTheQueue" duration-ms="62" started-at="2019-08-18T23:19:45Z" finished-at="2019-08-18T23:19:45Z">
          <reporter-output>
          </reporter-output>
        </test-method> <!-- testSendBatchMessagesToTheQueue -->
        <test-method status="PASS" signature="tearDownMethod()[pri:0, instance:com.testingfoo.tests.standardQueue.SendAndRecieveBatchMessages@3d3ba765]" name="tearDownMethod" is-config="true" duration-ms="23" started-at="2019-08-18T23:19:45Z" finished-at="2019-08-18T23:19:45Z">
          <reporter-output>
          </reporter-output>
        </test-method> <!-- tearDownMethod -->
      </class> <!-- com.testingfoo.tests.standardQueue.SendAndRecieveBatchMessages -->
      <class name="com.testingfoo.tests.standardQueue.CreateQueueTest">
        <test-method status="PASS" signature="setupElasticMQ()[pri:0, instance:com.testingfoo.tests.standardQueue.CreateQueueTest@7096b474]" name="setupElasticMQ" is-config="true" duration-ms="8" started-at="2019-08-18T23:19:38Z" finished-at="2019-08-18T23:19:38Z">
          <reporter-output>
          </reporter-output>
        </test-method> <!-- setupElasticMQ -->
        <test-method status="PASS" signature="testCreateQueue()[pri:0, instance:com.testingfoo.tests.standardQueue.CreateQueueTest@7096b474]" name="testCreateQueue" duration-ms="53" started-at="2019-08-18T23:19:38Z" finished-at="2019-08-18T23:19:38Z">
          <reporter-output>
          </reporter-output>
        </test-method> <!-- testCreateQueue -->
        <test-method status="PASS" signature="tearDownMethod()[pri:0, instance:com.testingfoo.tests.standardQueue.CreateQueueTest@7096b474]" name="tearDownMethod" is-config="true" duration-ms="37" started-at="2019-08-18T23:19:38Z" finished-at="2019-08-18T23:19:38Z">
          <reporter-output>
          </reporter-output>
        </test-method> <!-- tearDownMethod -->
      </class> <!-- com.testingfoo.tests.standardQueue.CreateQueueTest -->
      <class name="com.testingfoo.tests.standardQueue.CreateQueueWithInvalidQueueNames">
        <test-method status="PASS" signature="setupElasticMQ()[pri:0, instance:com.testingfoo.tests.standardQueue.CreateQueueWithInvalidQueueNames@3c989952]" name="setupElasticMQ" is-config="true" duration-ms="7" started-at="2019-08-18T23:19:44Z" finished-at="2019-08-18T23:19:44Z">
          <reporter-output>
          </reporter-output>
        </test-method> <!-- setupElasticMQ -->
        <test-method status="PASS" signature="testCreateQueueWithInvalidQueueNames(java.lang.String)[pri:0, instance:com.testingfoo.tests.standardQueue.CreateQueueWithInvalidQueueNames@3c989952]" name="testCreateQueueWithInvalidQueueNames" duration-ms="98" started-at="2019-08-18T23:19:44Z" data-provider="getData" finished-at="2019-08-18T23:19:44Z">
          <params>
            <param index="0">
              <value>
                <![CDATA[abcdefghijklmnopqrstuvwxyzabcdefghijklmnopqrstuvwxyzabcdefghijklmnopqrstuvwxyzabcdefghijklmnopqrstuvwxyzabcdefghijkl]]>
              </value>
            </param>
          </params>
          <reporter-output>
          </reporter-output>
        </test-method> <!-- testCreateQueueWithInvalidQueueNames -->
        <test-method status="PASS" signature="tearDownMethod()[pri:0, instance:com.testingfoo.tests.standardQueue.CreateQueueWithInvalidQueueNames@3c989952]" name="tearDownMethod" is-config="true" duration-ms="48" started-at="2019-08-18T23:19:44Z" finished-at="2019-08-18T23:19:44Z">
          <reporter-output>
          </reporter-output>
        </test-method> <!-- tearDownMethod -->
        <test-method status="PASS" signature="testCreateQueueWithInvalidQueueNames(java.lang.String)[pri:0, instance:com.testingfoo.tests.standardQueue.CreateQueueWithInvalidQueueNames@3c989952]" name="testCreateQueueWithInvalidQueueNames" duration-ms="96" started-at="2019-08-18T23:19:44Z" data-provider="getData" finished-at="2019-08-18T23:19:45Z">
          <params>
            <param index="0">
              <value>
                <![CDATA[#]]>
              </value>
            </param>
          </params>
          <reporter-output>
          </reporter-output>
        </test-method> <!-- testCreateQueueWithInvalidQueueNames -->
        <test-method status="PASS" signature="tearDownMethod()[pri:0, instance:com.testingfoo.tests.standardQueue.CreateQueueWithInvalidQueueNames@3c989952]" name="tearDownMethod" is-config="true" duration-ms="24" started-at="2019-08-18T23:19:45Z" finished-at="2019-08-18T23:19:45Z">
          <reporter-output>
          </reporter-output>
        </test-method> <!-- tearDownMethod -->
      </class> <!-- com.testingfoo.tests.standardQueue.CreateQueueWithInvalidQueueNames -->
      <class name="com.testingfoo.tests.standardQueue.SendAndRecieveJsonMessages">
        <test-method status="PASS" signature="setupElasticMQ()[pri:0, instance:com.testingfoo.tests.standardQueue.SendAndRecieveJsonMessages@793138bd]" name="setupElasticMQ" is-config="true" duration-ms="4" started-at="2019-08-18T23:19:46Z" finished-at="2019-08-18T23:19:46Z">
          <reporter-output>
          </reporter-output>
        </test-method> <!-- setupElasticMQ -->
        <test-method status="PASS" signature="setupMethod()[pri:0, instance:com.testingfoo.tests.standardQueue.SendAndRecieveJsonMessages@793138bd]" name="setupMethod" is-config="true" duration-ms="44" started-at="2019-08-18T23:19:46Z" finished-at="2019-08-18T23:19:46Z">
          <reporter-output>
          </reporter-output>
        </test-method> <!-- setupMethod -->
        <test-method status="PASS" signature="testSendJSONMessagesToTheQueue()[pri:0, instance:com.testingfoo.tests.standardQueue.SendAndRecieveJsonMessages@793138bd]" name="testSendJSONMessagesToTheQueue" duration-ms="29" started-at="2019-08-18T23:19:46Z" finished-at="2019-08-18T23:19:46Z">
          <reporter-output>
          </reporter-output>
        </test-method> <!-- testSendJSONMessagesToTheQueue -->
        <test-method status="PASS" signature="tearDownMethod()[pri:0, instance:com.testingfoo.tests.standardQueue.SendAndRecieveJsonMessages@793138bd]" name="tearDownMethod" is-config="true" duration-ms="21" started-at="2019-08-18T23:19:46Z" finished-at="2019-08-18T23:19:46Z">
          <reporter-output>
          </reporter-output>
        </test-method> <!-- tearDownMethod -->
      </class> <!-- com.testingfoo.tests.standardQueue.SendAndRecieveJsonMessages -->
      <class name="com.testingfoo.tests.standardQueue.CreateQueueWithSpecifiedVisibilityTimeout">
        <test-method status="PASS" signature="setupElasticMQ()[pri:0, instance:com.testingfoo.tests.standardQueue.CreateQueueWithSpecifiedVisibilityTimeout@3e14c16d]" name="setupElasticMQ" is-config="true" duration-ms="8" started-at="2019-08-18T23:19:38Z" finished-at="2019-08-18T23:19:38Z">
          <reporter-output>
          </reporter-output>
        </test-method> <!-- setupElasticMQ -->
        <test-method status="PASS" signature="testCreateQueuewithVisibilityTimeOut()[pri:0, instance:com.testingfoo.tests.standardQueue.CreateQueueWithSpecifiedVisibilityTimeout@3e14c16d]" name="testCreateQueuewithVisibilityTimeOut" duration-ms="6173" started-at="2019-08-18T23:19:38Z" finished-at="2019-08-18T23:19:44Z">
          <reporter-output>
          </reporter-output>
        </test-method> <!-- testCreateQueuewithVisibilityTimeOut -->
        <test-method status="PASS" signature="tearDownMethod()[pri:0, instance:com.testingfoo.tests.standardQueue.CreateQueueWithSpecifiedVisibilityTimeout@3e14c16d]" name="tearDownMethod" is-config="true" duration-ms="197" started-at="2019-08-18T23:19:44Z" finished-at="2019-08-18T23:19:44Z">
          <reporter-output>
          </reporter-output>
        </test-method> <!-- tearDownMethod -->
      </class> <!-- com.testingfoo.tests.standardQueue.CreateQueueWithSpecifiedVisibilityTimeout -->
    </test> <!-- RegressionTest -->
  </suite> <!-- AWS SQS Test Suite -->
</testng-results>
