-------------------------------------------------------------------------------
Test set: TestSuite
-------------------------------------------------------------------------------
Tests run: 18, Failures: 1, Errors: 0, Skipped: 0, Time elapsed: 25.081 s <<< FAILURE! - in TestSuite
tearDownMethod(com.testingfoo.tests.standardQueue.CreateBlankNameQueueTest)  Time elapsed: 1.224 s  <<< FAILURE!
com.amazonaws.services.sqs.model.AmazonSQSException: InvalidAction; see the SQS docs. (Service: AmazonSQS; Status Code: 400; Error Code: InvalidAction; Request ID: 00000000-0000-0000-0000-000000000000)
	at com.testingfoo.tests.standardQueue.CreateBlankNameQueueTest.tearDownMethod(CreateBlankNameQueueTest.java:35)

