<?xml version="1.0" encoding="UTF-8"?>
<testsuite xmlns:xsi="http://www.w3.org/2001/XMLSchema-instance" xsi:noNamespaceSchemaLocation="https://maven.apache.org/surefire/maven-surefire-plugin/xsd/surefire-test-report-3.0.xsd" version="3.0" name="TestSuite" time="25.081" tests="18" errors="0" skipped="0" failures="1">
  <properties>
[...]
</properties>
  <testcase name="testCreateQueueWithBlankQueueName" classname="com.testingfoo.tests.standardQueue.CreateBlankNameQueueTest" time="1.049"/>
  <testcase name="tearDownMethod" classname="com.testingfoo.tests.standardQueue.CreateBlankNameQueueTest" time="1.224">
    <failure message="InvalidAction; see the SQS docs. (Service: AmazonSQS; Status Code: 400; Error Code: InvalidAction; Request ID: 00000000-0000-0000-0000-000000000000)" type="com.amazonaws.services.sqs.model.AmazonSQSException">com.amazonaws.services.sqs.model.AmazonSQSException: InvalidAction; see the SQS docs. (Service: AmazonSQS; Status Code: 400; Error Code: InvalidAction; Request ID: 00000000-0000-0000-0000-000000000000)
	at com.testingfoo.tests.standardQueue.CreateBlankNameQueueTest.tearDownMethod(CreateBlankNameQueueTest.java:35)
</failure>
    <system-out><![CDATA[Deleting the test queue:http://localhost:9324/queue/

]]></system-out>
  </testcase>
  <testcase name="testCreateQueue" classname="com.testingfoo.tests.standardQueue.CreateQueueTest" time="0.052"/>
  <testcase name="testCreateQueuewithVisibilityTimeOut" classname="com.testingfoo.tests.standardQueue.CreateQueueWithSpecifiedVisibilityTimeout" time="6.188"/>
  <testcase name="testCreateQueueWithInvalidQueueNames" classname="com.testingfoo.tests.standardQueue.CreateQueueWithInvalidQueueNames" time="0.1"/>
  <testcase name="testCreateQueueWithInvalidQueueNames" classname="com.testingfoo.tests.standardQueue.CreateQueueWithInvalidQueueNames" time="0.093"/>
  <testcase name="testSendSimpleMessage" classname="com.testingfoo.tests.standardQueue.SendAndRecieveBasicMessage" time="0.034"/>
  <testcase name="testSendBatchMessagesToTheQueue" classname="com.testingfoo.tests.standardQueue.SendAndRecieveBatchMessages" time="0.06"/>
  <testcase name="testSendDifferentMessagesToTheQueue" classname="com.testingfoo.tests.standardQueue.SendAndRecieveDifferentMessages" time="0.032"/>
  <testcase name="testSendDifferentMessagesToTheQueue" classname="com.testingfoo.tests.standardQueue.SendAndRecieveDifferentMessages" time="0.029"/>
  <testcase name="testSendDifferentMessagesToTheQueue" classname="com.testingfoo.tests.standardQueue.SendAndRecieveDifferentMessages" time="0.02"/>
  <testcase name="testSendDifferentMessagesToTheQueue" classname="com.testingfoo.tests.standardQueue.SendAndRecieveDifferentMessages" time="0.039"/>
  <testcase name="testSendDifferentMessagesToTheQueue" classname="com.testingfoo.tests.standardQueue.SendAndRecieveDifferentMessages" time="0.031"/>
  <testcase name="testSendDifferentMessagesToTheQueue" classname="com.testingfoo.tests.standardQueue.SendAndRecieveDifferentMessages" time="0.032"/>
  <testcase name="testSendInvalidMessageToTheQueue" classname="com.testingfoo.tests.standardQueue.SendInvalidLargeMessage" time="0.289"/>
  <testcase name="testSendJSONMessagesToTheQueue" classname="com.testingfoo.tests.standardQueue.SendAndRecieveJsonMessages" time="0.036"/>
  <testcase name="testSendMessageWithDelay" classname="com.testingfoo.tests.standardQueue.SendAndRecieveMessageWithDelay" time="10.028"/>
  <testcase name="testSendInvalidNullMessageToTheQueue" classname="com.testingfoo.tests.standardQueue.SendInvalidNullMessage" time="0.595"/>
</testsuite>